<?xml version="1.0" encoding="UTF-8"?>
<!-- Generated by org.testng.reporters.JUnitXMLReporter -->
<testsuite ignored="0" hostname="DESKTOP-FMKJ26D" failures="1" tests="1" name="Surefire test" time="0.195" errors="0" timestamp="2026-05-04T12:12:45 IST">
  <testcase classname="com.Amazon.TestCase.PageLaunchTestCase" name="browserTest" time="0.0">
    <failure type="org.testng.TestNGException" message="
Parameter &amp;apos;bname&amp;apos; is required by @Test on method browserTest but has not been marked @Optional or defined
">
      <![CDATA[org.testng.TestNGException: 
Parameter 'bname' is required by @Test on method browserTest but has not been marked @Optional or defined

at java.base/java.util.ArrayList.forEach(ArrayList.java:1596)
... Removed 31 stack frames]]>
    </failure>
  </testcase> <!-- browserTest -->
</testsuite> <!-- Surefire test -->
