<?xml version="1.0" encoding="UTF-8"?>
<testng-results ignored="0" total="3" passed="3" failed="0" skipped="0">
  <reporter-output>
  </reporter-output>
  <suite started-at="2026-05-04T12:41:49 IST" name="Suite" finished-at="2026-05-04T12:43:32 IST" duration-ms="103330">
    <groups>
    </groups>
    <test started-at="2026-05-04T12:41:49 IST" name="Test1" finished-at="2026-05-04T12:43:00 IST" duration-ms="71358">
      <class name="com.Amazon.TestCase.PageLaunchTestCase">
        <test-method signature="browserTest(java.lang.String)[pri:0, instance:com.Amazon.TestCase.PageLaunchTestCase@76508ed1]" started-at="2026-05-04T12:41:49 IST" name="browserTest" finished-at="2026-05-04T12:43:00 IST" duration-ms="71278" status="PASS">
          <params>
            <param index="0">
              <value>
                <![CDATA[chrome]]>
              </value>
            </param>
          </params>
          <reporter-output>
          </reporter-output>
        </test-method> <!-- browserTest -->
      </class> <!-- com.Amazon.TestCase.PageLaunchTestCase -->
    </test> <!-- Test1 -->
    <test started-at="2026-05-04T12:41:49 IST" name="Test3" finished-at="2026-05-04T12:43:01 IST" duration-ms="72246">
      <class name="com.Amazon.TestCase.PageLaunchTestCase">
        <test-method signature="browserTest(java.lang.String)[pri:0, instance:com.Amazon.TestCase.PageLaunchTestCase@4a94ee4]" started-at="2026-05-04T12:41:49 IST" name="browserTest" finished-at="2026-05-04T12:43:01 IST" duration-ms="72174" status="PASS">
          <params>
            <param index="0">
              <value>
                <![CDATA[edge]]>
              </value>
            </param>
          </params>
          <reporter-output>
          </reporter-output>
        </test-method> <!-- browserTest -->
      </class> <!-- com.Amazon.TestCase.PageLaunchTestCase -->
    </test> <!-- Test3 -->
    <test started-at="2026-05-04T12:41:49 IST" name="Test2" finished-at="2026-05-04T12:43:32 IST" duration-ms="103330">
      <class name="com.Amazon.TestCase.PageLaunchTestCase">
        <test-method signature="browserTest(java.lang.String)[pri:0, instance:com.Amazon.TestCase.PageLaunchTestCase@79924b]" started-at="2026-05-04T12:41:49 IST" name="browserTest" finished-at="2026-05-04T12:43:32 IST" duration-ms="103250" status="PASS">
          <params>
            <param index="0">
              <value>
                <![CDATA[firefox]]>
              </value>
            </param>
          </params>
          <reporter-output>
          </reporter-output>
        </test-method> <!-- browserTest -->
      </class> <!-- com.Amazon.TestCase.PageLaunchTestCase -->
    </test> <!-- Test2 -->
  </suite> <!-- Suite -->
</testng-results>
