<?xml version="1.0" encoding="UTF-8"?>
<testng-results ignored="0" total="3" passed="3" failed="0" skipped="0">
  <reporter-output>
  </reporter-output>
  <suite started-at="2026-05-04T12:47:37 IST" name="Suite" finished-at="2026-05-04T12:48:59 IST" duration-ms="81658">
    <groups>
    </groups>
    <test started-at="2026-05-04T12:47:37 IST" name="Test1" finished-at="2026-05-04T12:48:33 IST" duration-ms="55863">
      <class name="com.Amazon.TestCase.PageLaunchTestCase">
        <test-method signature="browserTest(java.lang.String)[pri:0, instance:com.Amazon.TestCase.PageLaunchTestCase@1139b2f3]" started-at="2026-05-04T12:47:37 IST" name="browserTest" finished-at="2026-05-04T12:48:33 IST" duration-ms="55743" status="PASS">
          <params>
            <param index="0">
              <value>
                <![CDATA[chrome]]>
              </value>
            </param>
          </params>
          <reporter-output>
          </reporter-output>
        </test-method> <!-- browserTest -->
      </class> <!-- com.Amazon.TestCase.PageLaunchTestCase -->
    </test> <!-- Test1 -->
    <test started-at="2026-05-04T12:47:37 IST" name="Test3" finished-at="2026-05-04T12:48:45 IST" duration-ms="67473">
      <class name="com.Amazon.TestCase.PageLaunchTestCase">
        <test-method signature="browserTest(java.lang.String)[pri:0, instance:com.Amazon.TestCase.PageLaunchTestCase@5ffead27]" started-at="2026-05-04T12:47:37 IST" name="browserTest" finished-at="2026-05-04T12:48:45 IST" duration-ms="67360" status="PASS">
          <params>
            <param index="0">
              <value>
                <![CDATA[edge]]>
              </value>
            </param>
          </params>
          <reporter-output>
          </reporter-output>
        </test-method> <!-- browserTest -->
      </class> <!-- com.Amazon.TestCase.PageLaunchTestCase -->
    </test> <!-- Test3 -->
    <test started-at="2026-05-04T12:47:37 IST" name="Test2" finished-at="2026-05-04T12:48:59 IST" duration-ms="81658">
      <class name="com.Amazon.TestCase.PageLaunchTestCase">
        <test-method signature="browserTest(java.lang.String)[pri:0, instance:com.Amazon.TestCase.PageLaunchTestCase@2e005c4b]" started-at="2026-05-04T12:47:37 IST" name="browserTest" finished-at="2026-05-04T12:48:59 IST" duration-ms="81546" status="PASS">
          <params>
            <param index="0">
              <value>
                <![CDATA[firefox]]>
              </value>
            </param>
          </params>
          <reporter-output>
          </reporter-output>
        </test-method> <!-- browserTest -->
      </class> <!-- com.Amazon.TestCase.PageLaunchTestCase -->
    </test> <!-- Test2 -->
  </suite> <!-- Suite -->
</testng-results>
