<?xml version="1.0" encoding="UTF-8"?>
<testsuite xmlns:xsi="http://www.w3.org/2001/XMLSchema-instance" xsi:noNamespaceSchemaLocation="https://maven.apache.org/surefire/maven-surefire-plugin/xsd/surefire-test-report.xsd" version="3.0.2" name="TestSuite" time="104.357" tests="3" errors="0" skipped="0" failures="0" flakes="0">
  <properties>
[...]
</properties>
  <testcase name="browserTest[chrome](1)" classname="com.Amazon.TestCase.PageLaunchTestCase" time="71.278">
    <system-out><![CDATA[Connection Established with Chrome Browser
Connection Established with Edge Browser
Connection Established with FireFox Browser
Application Executing Parallely
Application Executing Parallely
]]></system-out>
    <system-err><![CDATA[SLF4J(W): No SLF4J providers were found.
SLF4J(W): Defaulting to no-operation (NOP) logger implementation
SLF4J(W): See https://www.slf4j.org/codes.html#noProviders for further details.
May 04, 2026 12:41:49 PM org.openqa.selenium.remote.tracing.opentelemetry.OpenTelemetryTracer createTracer
INFO: Using OpenTelemetry for tracing
]]></system-err>
  </testcase>
  <testcase name="browserTest[edge](1)" classname="com.Amazon.TestCase.PageLaunchTestCase" time="72.172"/>
  <testcase name="browserTest[firefox](1)" classname="com.Amazon.TestCase.PageLaunchTestCase" time="103.251">
    <system-out><![CDATA[Application Executing Parallely
]]></system-out>
  </testcase>
</testsuite>