<?xml version="1.0" encoding="UTF-8"?>
<testng-results ignored="0" total="1" passed="1" failed="0" skipped="0">
  <reporter-output>
  </reporter-output>
  <suite started-at="2026-05-03T15:15:48 IST" name="Default suite" finished-at="2026-05-03T15:15:59 IST" duration-ms="10655">
    <groups>
    </groups>
    <test started-at="2026-05-03T15:15:48 IST" name="Default test" finished-at="2026-05-03T15:15:59 IST" duration-ms="10655">
      <class name="com.Amazon.TestCase.PageLaunchTestCase">
        <test-method signature="appLaunch()[pri:0, instance:com.Amazon.TestCase.PageLaunchTestCase@6302bbb1]" started-at="2026-05-03T15:15:49 IST" name="appLaunch" finished-at="2026-05-03T15:15:59 IST" duration-ms="10563" status="PASS">
          <reporter-output>
          </reporter-output>
        </test-method> <!-- appLaunch -->
      </class> <!-- com.Amazon.TestCase.PageLaunchTestCase -->
    </test> <!-- Default test -->
  </suite> <!-- Default suite -->
</testng-results>
