<?xml version="1.0" encoding="UTF-8"?>
<testng-results ignored="0" total="1" passed="1" failed="0" skipped="0">
  <reporter-output>
  </reporter-output>
  <suite started-at="2026-05-03T19:51:10 IST" name="Default suite" finished-at="2026-05-03T19:51:38 IST" duration-ms="27396">
    <groups>
    </groups>
    <test started-at="2026-05-03T19:51:10 IST" name="Default test" finished-at="2026-05-03T19:51:38 IST" duration-ms="27396">
      <class name="com.Amazon.TestCase.PageLaunchTestCase">
        <test-method signature="browserTest()[pri:0, instance:com.Amazon.TestCase.PageLaunchTestCase@2a4fb17b]" started-at="2026-05-03T19:51:11 IST" name="browserTest" finished-at="2026-05-03T19:51:38 IST" duration-ms="27278" status="PASS">
          <reporter-output>
          </reporter-output>
        </test-method> <!-- browserTest -->
      </class> <!-- com.Amazon.TestCase.PageLaunchTestCase -->
    </test> <!-- Default test -->
  </suite> <!-- Default suite -->
</testng-results>
