<?xml version="1.0" encoding="UTF-8"?>
<!-- Generated by org.testng.reporters.JUnitReportReporter -->
<testsuite hostname="DESKTOP-FMKJ26D" failures="0" tests="3" name="com.Amazon.TestCase.PageLaunchTestCase" time="189.278" errors="0" timestamp="2026-05-04T11:43:38 IST" skipped="0">
  <testcase classname="com.Amazon.TestCase.PageLaunchTestCase" name="browserTest" time="55.896"/>
  <testcase classname="com.Amazon.TestCase.PageLaunchTestCase" name="browserTest" time="55.095"/>
  <testcase classname="com.Amazon.TestCase.PageLaunchTestCase" name="browserTest" time="78.287"/>
</testsuite> <!-- com.Amazon.TestCase.PageLaunchTestCase -->
