<?xml version="1.0" encoding="UTF-8"?>
<!-- Generated by org.testng.reporters.JUnitReportReporter -->
<testsuite hostname="DESKTOP-FMKJ26D" failures="0" tests="3" name="com.Amazon.TestCase.PageLaunchTestCase" time="204.649" errors="0" timestamp="2026-05-04T12:48:59 IST" skipped="0">
  <testcase classname="com.Amazon.TestCase.PageLaunchTestCase" name="browserTest" time="67.360"/>
  <testcase classname="com.Amazon.TestCase.PageLaunchTestCase" name="browserTest" time="55.743"/>
  <testcase classname="com.Amazon.TestCase.PageLaunchTestCase" name="browserTest" time="81.546"/>
</testsuite> <!-- com.Amazon.TestCase.PageLaunchTestCase -->
