<?xml version="1.0" encoding="UTF-8"?>
<!-- Generated by org.testng.reporters.JUnitReportReporter -->
<testsuite hostname="DESKTOP-FMKJ26D" failures="0" tests="3" name="com.Amazon.TestCase.PageLaunchTestCase" time="246.702" errors="0" timestamp="2026-05-04T12:43:32 IST" skipped="0">
  <testcase classname="com.Amazon.TestCase.PageLaunchTestCase" name="browserTest" time="103.250"/>
  <testcase classname="com.Amazon.TestCase.PageLaunchTestCase" name="browserTest" time="72.174"/>
  <testcase classname="com.Amazon.TestCase.PageLaunchTestCase" name="browserTest" time="71.278"/>
</testsuite> <!-- com.Amazon.TestCase.PageLaunchTestCase -->
